notification on topic NEW NEW  from asdasa reply adasdad to dennis 
notification on topic Title from append reply append to email 
notification on topic Title from append reply append to dads 
notification on topic Title from append reply append to salads 
notification on topic Title from append reply append to dennis 
notification on topic Title from append reply append to dennis 
notification on topic Title from append reply append to dennis 
notification on topic Title from append reply append to dennis 
notification on topic Title from append reply append to Dennis 
notification on topic Title from Dennis reply NO DUPLICATE EMAILS? to dads 
notification on topic Title from Dennis reply NO DUPLICATE EMAILS? to salads 
notification on topic Title from Dennis reply NO DUPLICATE EMAILS? to dennis 
notification on topic Title from Dennis reply NO DUPLICATE EMAILS? to email 
notification on topic Title from Dennis reply NO DUPLICATE EMAILS? to append 
notification on topic Title from sdasdaa reply asdasda to dads 
notification on topic Title from sdasdaa reply asdasda to salads 
notification on topic Title from sdasdaa reply asdasda to Dennis 
notification on topic Title from sdasdaa reply asdasda to dennis 
notification on topic Title from sdasdaa reply asdasda to email 
notification on topic Title from sdasdaa reply asdasda to append 
notification on topic Title from sdasda reply asdasda to dads 
notification on topic Title from sdasda reply asdasda to salads 
notification on topic Title from sdasda reply asdasda to Dennis 
notification on topic Title from sdasda reply asdasda to dennis 
notification on topic Title from sdasda reply asdasda to sdasdaa 
notification on topic Title from sdasda reply asdasda to email 
notification on topic Title from sdasda reply asdasda to append 
notification on topic Title from sdasda reply adasdad to dads 
notification on topic Title from sdasda reply adasdad to salads 
notification on topic Title from sdasda reply adasdad to Dennis 
notification on topic Title from sdasda reply adasdad to dennis 
notification on topic Title from sdasda reply adasdad to sdasdaa 
notification on topic Title from sdasda reply adasdad to email 
notification on topic Title from sdasda reply adasdad to append 
notification on topic Title from asdasd reply adasdad to dads 
notification on topic Title from asdasd reply adasdad to salads 
notification on topic Title from asdasd reply adasdad to Dennis 
notification on topic Title from asdasd reply adasdad to dennis 
notification on topic Title from asdasd reply adasdad to sdasdaa 
notification on topic Title from asdasd reply adasdad to sdasda 
notification on topic Title from asdasd reply adasdad to email 
notification on topic Title from asdasd reply adasdad to append 
